# JRE version: OpenJDK Runtime Environment (8.0_152-b01) (build 1.8.0_152-release-1343-b01)
# Java VM: OpenJDK 64-Bit Server VM (25.152-b01 mixed mode bsd-amd64 compressed oops)
Heap:
 PSYoungGen      total 240640K, used 119547K [0x0000000760000000, 0x0000000773300000, 0x00000007c0000000)
  eden space 215552K, 43% used [0x0000000760000000,0x0000000765c44f18,0x000000076d280000)
  from space 25088K, 99% used [0x000000076d280000,0x000000076eafa020,0x000000076eb00000)
  to   space 33280K, 0% used [0x0000000771280000,0x0000000771280000,0x0000000773300000)
 ParOldGen       total 268800K, used 49416K [0x00000006a0000000, 0x00000006b0680000, 0x0000000760000000)
  object space 268800K, 18% used [0x00000006a0000000,0x00000006a3042378,0x00000006b0680000)
 Metaspace       used 68440K, capacity 72354K, committed 72600K, reserved 1112064K
  class space    used 9353K, capacity 10317K, committed 10408K, reserved 1048576K
GC Heap History (10 events):
Event: 7.567 GC heap before
{Heap before GC invocations=10 (full 2):
 PSYoungGen      total 143872K, used 143871K [0x0000000760000000, 0x000000076cd00000, 0x00000007c0000000)
  eden space 130048K, 100% used [0x0000000760000000,0x0000000767f00000,0x0000000767f00000)
  from space 13824K, 99% used [0x0000000767f00000,0x0000000768c7fcb0,0x0000000768c80000)
  to   space 16384K, 0% used [0x000000076bd00000,0x000000076bd00000,0x000000076cd00000)
 ParOldGen       total 184832K, used 19678K [0x00000006a0000000, 0x00000006ab480000, 0x0000000760000000)
  object space 184832K, 10% used [0x00000006a0000000,0x00000006a1337b40,0x00000006ab480000)
 Metaspace       used 54162K, capacity 55896K, committed 56104K, reserved 1097728K
  class space    used 7288K, capacity 7717K, committed 7720K, reserved 1048576K
Event: 7.581 GC heap after
Heap after GC invocations=10 (full 2):
 PSYoungGen      total 189952K, used 16358K [0x0000000760000000, 0x000000076d400000, 0x00000007c0000000)
  eden space 173568K, 0% used [0x0000000760000000,0x0000000760000000,0x000000076a980000)
  from space 16384K, 99% used [0x000000076bd00000,0x000000076ccf9a98,0x000000076cd00000)
  to   space 19968K, 0% used [0x000000076a980000,0x000000076a980000,0x000000076bd00000)
 ParOldGen       total 184832K, used 23447K [0x00000006a0000000, 0x00000006ab480000, 0x0000000760000000)
  object space 184832K, 12% used [0x00000006a0000000,0x00000006a16e5ce0,0x00000006ab480000)
 Metaspace       used 54162K, capacity 55896K, committed 56104K, reserved 1097728K
  class space    used 7288K, capacity 7717K, committed 7720K, reserved 1048576K
}
Event: 8.054 GC heap before
{Heap before GC invocations=11 (full 2):
 PSYoungGen      total 189952K, used 61996K [0x0000000760000000, 0x000000076d400000, 0x00000007c0000000)
  eden space 173568K, 26% used [0x0000000760000000,0x0000000762c91960,0x000000076a980000)
  from space 16384K, 99% used [0x000000076bd00000,0x000000076ccf9a98,0x000000076cd00000)
  to   space 19968K, 0% used [0x000000076a980000,0x000000076a980000,0x000000076bd00000)
 ParOldGen       total 184832K, used 23447K [0x00000006a0000000, 0x00000006ab480000, 0x0000000760000000)
  object space 184832K, 12% used [0x00000006a0000000,0x00000006a16e5ce0,0x00000006ab480000)
 Metaspace       used 57247K, capacity 58978K, committed 59160K, reserved 1099776K
  class space    used 7715K, capacity 8154K, committed 8232K, reserved 1048576K
Event: 8.068 GC heap after
Heap after GC invocations=11 (full 2):
 PSYoungGen      total 193536K, used 19829K [0x0000000760000000, 0x0000000770380000, 0x00000007c0000000)
  eden space 173568K, 0% used [0x0000000760000000,0x0000000760000000,0x000000076a980000)
  from space 19968K, 99% used [0x000000076a980000,0x000000076bcdd7f0,0x000000076bd00000)
  to   space 22528K, 0% used [0x000000076ed80000,0x000000076ed80000,0x0000000770380000)
 ParOldGen       total 184832K, used 23455K [0x00000006a0000000, 0x00000006ab480000, 0x0000000760000000)
  object space 184832K, 12% used [0x00000006a0000000,0x00000006a16e7ce0,0x00000006ab480000)
 Metaspace       used 57247K, capacity 58978K, committed 59160K, reserved 1099776K
  class space    used 7715K, capacity 8154K, committed 8232K, reserved 1048576K
}
Event: 8.068 GC heap before
{Heap before GC invocations=12 (full 3):
 PSYoungGen      total 193536K, used 19829K [0x0000000760000000, 0x0000000770380000, 0x00000007c0000000)
  eden space 173568K, 0% used [0x0000000760000000,0x0000000760000000,0x000000076a980000)
  from space 19968K, 99% used [0x000000076a980000,0x000000076bcdd7f0,0x000000076bd00000)
  to   space 22528K, 0% used [0x000000076ed80000,0x000000076ed80000,0x0000000770380000)
 ParOldGen       total 184832K, used 23455K [0x00000006a0000000, 0x00000006ab480000, 0x0000000760000000)
  object space 184832K, 12% used [0x00000006a0000000,0x00000006a16e7ce0,0x00000006ab480000)
 Metaspace       used 57247K, capacity 58978K, committed 59160K, reserved 1099776K
  class space    used 7715K, capacity 8154K, committed 8232K, reserved 1048576K
Event: 8.221 GC heap after
Heap after GC invocations=12 (full 3):
 PSYoungGen      total 193536K, used 0K [0x0000000760000000, 0x0000000770380000, 0x00000007c0000000)
  eden space 173568K, 0% used [0x0000000760000000,0x0000000760000000,0x000000076a980000)
  from space 19968K, 0% used [0x000000076a980000,0x000000076a980000,0x000000076bd00000)
  to   space 22528K, 0% used [0x000000076ed80000,0x000000076ed80000,0x0000000770380000)
 ParOldGen       total 268800K, used 35000K [0x00000006a0000000, 0x00000006b0680000, 0x0000000760000000)
  object space 268800K, 13% used [0x00000006a0000000,0x00000006a222e2e0,0x00000006b0680000)
 Metaspace       used 57247K, capacity 58978K, committed 59160K, reserved 1099776K
  class space    used 7715K, capacity 8154K, committed 8232K, reserved 1048576K
}
Event: 10.532 GC heap before
{Heap before GC invocations=13 (full 3):
 PSYoungGen      total 193536K, used 173568K [0x0000000760000000, 0x0000000770380000, 0x00000007c0000000)
  eden space 173568K, 100% used [0x0000000760000000,0x000000076a980000,0x000000076a980000)
  from space 19968K, 0% used [0x000000076a980000,0x000000076a980000,0x000000076bd00000)
  to   space 22528K, 0% used [0x000000076ed80000,0x000000076ed80000,0x0000000770380000)
 ParOldGen       total 268800K, used 35000K [0x00000006a0000000, 0x00000006b0680000, 0x0000000760000000)
  object space 268800K, 13% used [0x00000006a0000000,0x00000006a222e2e0,0x00000006b0680000)
 Metaspace       used 63702K, capacity 66860K, committed 67096K, reserved 1107968K
  class space    used 8701K, capacity 9502K, committed 9512K, reserved 1048576K
Event: 10.549 GC heap after
Heap after GC invocations=13 (full 3):
 PSYoungGen      total 230400K, used 22505K [0x0000000760000000, 0x0000000770380000, 0x00000007c0000000)
  eden space 207872K, 0% used [0x0000000760000000,0x0000000760000000,0x000000076cb00000)
  from space 22528K, 99% used [0x000000076ed80000,0x000000077037a4f0,0x0000000770380000)
  to   space 25088K, 0% used [0x000000076d280000,0x000000076d280000,0x000000076eb00000)
 ParOldGen       total 268800K, used 35228K [0x00000006a0000000, 0x00000006b0680000, 0x0000000760000000)
  object space 268800K, 13% used [0x00000006a0000000,0x00000006a22673b8,0x00000006b0680000)
 Metaspace       used 63702K, capacity 66860K, committed 67096K, reserved 1107968K
  class space    used 8701K, capacity 9502K, committed 9512K, reserved 1048576K
}
Event: 12.720 GC heap before
{Heap before GC invocations=14 (full 3):
 PSYoungGen      total 230400K, used 230377K [0x0000000760000000, 0x0000000770380000, 0x00000007c0000000)
  eden space 207872K, 100% used [0x0000000760000000,0x000000076cb00000,0x000000076cb00000)
  from space 22528K, 99% used [0x000000076ed80000,0x000000077037a4f0,0x0000000770380000)
  to   space 25088K, 0% used [0x000000076d280000,0x000000076d280000,0x000000076eb00000)
 ParOldGen       total 268800K, used 35228K [0x00000006a0000000, 0x00000006b0680000, 0x0000000760000000)
  object space 268800K, 13% used [0x00000006a0000000,0x00000006a22673b8,0x00000006b0680000)
 Metaspace       used 66751K, capacity 70204K, committed 70424K, reserved 1110016K
  class space    used 9124K, capacity 9997K, committed 10024K, reserved 1048576K
Event: 12.744 GC heap after
Heap after GC invocations=14 (full 3):
 PSYoungGen      total 240640K, used 25064K [0x0000000760000000, 0x0000000773300000, 0x00000007c0000000)
  eden space 215552K, 0% used [0x0000000760000000,0x0000000760000000,0x000000076d280000)
  from space 25088K, 99% used [0x000000076d280000,0x000000076eafa020,0x000000076eb00000)
  to   space 33280K, 0% used [0x0000000771280000,0x0000000771280000,0x0000000773300000)
 ParOldGen       total 268800K, used 49416K [0x00000006a0000000, 0x00000006b0680000, 0x0000000760000000)
  object space 268800K, 18% used [0x00000006a0000000,0x00000006a3042378,0x00000006b0680000)
 Metaspace       used 66751K, capacity 70204K, committed 70424K, reserved 1110016K
  class space    used 9124K, capacity 9997K, committed 10024K, reserved 1048576K
}

