# JRE version: OpenJDK Runtime Environment (8.0_222-b10) (build 1.8.0_222-b10)
# Java VM: OpenJDK 64-Bit Server VM (25.222-b10 mixed mode bsd-amd64 compressed oops)
Heap:
 PSYoungGen      total 367616K, used 52628K [0x0000000760000000, 0x0000000780780000, 0x00000007c0000000)
  eden space 325632K, 14% used [0x0000000760000000,0x0000000762eddf90,0x0000000773e00000)
  from space 41984K, 11% used [0x0000000773e00000,0x0000000774287350,0x0000000776700000)
  to   space 42496K, 0% used [0x000000077de00000,0x000000077de00000,0x0000000780780000)
 ParOldGen       total 212992K, used 109176K [0x00000006a0000000, 0x00000006ad000000, 0x0000000760000000)
  object space 212992K, 51% used [0x00000006a0000000,0x00000006a6a9e2a8,0x00000006ad000000)
 Metaspace       used 72693K, capacity 77018K, committed 77272K, reserved 1116160K
  class space    used 9783K, capacity 10885K, committed 11008K, reserved 1048576K
GC Heap History (10 events):
Event: 15.320 GC heap before
{Heap before GC invocations=14 (full 3):
 PSYoungGen      total 216576K, used 199168K [0x0000000760000000, 0x000000076f880000, 0x00000007c0000000)
  eden space 199168K, 100% used [0x0000000760000000,0x000000076c280000,0x000000076c280000)
  from space 17408K, 0% used [0x000000076d680000,0x000000076d680000,0x000000076e780000)
  to   space 20480K, 0% used [0x000000076c280000,0x000000076c280000,0x000000076d680000)
 ParOldGen       total 212992K, used 35282K [0x00000006a0000000, 0x00000006ad000000, 0x0000000760000000)
  object space 212992K, 16% used [0x00000006a0000000,0x00000006a2274918,0x00000006ad000000)
 Metaspace       used 63109K, capacity 65950K, committed 66136K, reserved 1105920K
  class space    used 8644K, capacity 9511K, committed 9600K, reserved 1048576K
Event: 15.340 GC heap after
Heap after GC invocations=14 (full 3):
 PSYoungGen      total 219648K, used 20464K [0x0000000760000000, 0x0000000772c00000, 0x00000007c0000000)
  eden space 199168K, 0% used [0x0000000760000000,0x0000000760000000,0x000000076c280000)
  from space 20480K, 99% used [0x000000076c280000,0x000000076d67c030,0x000000076d680000)
  to   space 24576K, 0% used [0x0000000771400000,0x0000000771400000,0x0000000772c00000)
 ParOldGen       total 212992K, used 40207K [0x00000006a0000000, 0x00000006ad000000, 0x0000000760000000)
  object space 212992K, 18% used [0x00000006a0000000,0x00000006a2743e58,0x00000006ad000000)
 Metaspace       used 63109K, capacity 65950K, committed 66136K, reserved 1105920K
  class space    used 8644K, capacity 9511K, committed 9600K, reserved 1048576K
}
Event: 16.768 GC heap before
{Heap before GC invocations=15 (full 3):
 PSYoungGen      total 219648K, used 219632K [0x0000000760000000, 0x0000000772c00000, 0x00000007c0000000)
  eden space 199168K, 100% used [0x0000000760000000,0x000000076c280000,0x000000076c280000)
  from space 20480K, 99% used [0x000000076c280000,0x000000076d67c030,0x000000076d680000)
  to   space 24576K, 0% used [0x0000000771400000,0x0000000771400000,0x0000000772c00000)
 ParOldGen       total 212992K, used 40207K [0x00000006a0000000, 0x00000006ad000000, 0x0000000760000000)
  object space 212992K, 18% used [0x00000006a0000000,0x00000006a2743e58,0x00000006ad000000)
 Metaspace       used 66624K, capacity 70588K, committed 70872K, reserved 1110016K
  class space    used 9124K, capacity 10178K, committed 10240K, reserved 1048576K
Event: 16.799 GC heap after
Heap after GC invocations=15 (full 3):
 PSYoungGen      total 271872K, used 24560K [0x0000000760000000, 0x0000000774080000, 0x00000007c0000000)
  eden space 247296K, 0% used [0x0000000760000000,0x0000000760000000,0x000000076f180000)
  from space 24576K, 99% used [0x0000000771400000,0x0000000772bfc040,0x0000000772c00000)
  to   space 35328K, 0% used [0x000000076f180000,0x000000076f180000,0x0000000771400000)
 ParOldGen       total 212992K, used 61801K [0x00000006a0000000, 0x00000006ad000000, 0x0000000760000000)
  object space 212992K, 29% used [0x00000006a0000000,0x00000006a3c5a7b8,0x00000006ad000000)
 Metaspace       used 66624K, capacity 70588K, committed 70872K, reserved 1110016K
  class space    used 9124K, capacity 10178K, committed 10240K, reserved 1048576K
}
Event: 17.765 GC heap before
{Heap before GC invocations=16 (full 3):
 PSYoungGen      total 271872K, used 271850K [0x0000000760000000, 0x0000000774080000, 0x00000007c0000000)
  eden space 247296K, 99% used [0x0000000760000000,0x000000076f17eac0,0x000000076f180000)
  from space 24576K, 99% used [0x0000000771400000,0x0000000772bfc040,0x0000000772c00000)
  to   space 35328K, 0% used [0x000000076f180000,0x000000076f180000,0x0000000771400000)
 ParOldGen       total 212992K, used 61817K [0x00000006a0000000, 0x00000006ad000000, 0x0000000760000000)
  object space 212992K, 29% used [0x00000006a0000000,0x00000006a3c5e7d8,0x00000006ad000000)
 Metaspace       used 69567K, capacity 73684K, committed 73816K, reserved 1112064K
  class space    used 9434K, capacity 10536K, committed 10624K, reserved 1048576K
Event: 17.796 GC heap after
Heap after GC invocations=16 (full 3):
 PSYoungGen      total 282624K, used 35317K [0x0000000760000000, 0x0000000779200000, 0x00000007c0000000)
  eden space 247296K, 0% used [0x0000000760000000,0x0000000760000000,0x000000076f180000)
  from space 35328K, 99% used [0x000000076f180000,0x00000007713fd658,0x0000000771400000)
  to   space 44032K, 0% used [0x0000000776700000,0x0000000776700000,0x0000000779200000)
 ParOldGen       total 212992K, used 71496K [0x00000006a0000000, 0x00000006ad000000, 0x0000000760000000)
  object space 212992K, 33% used [0x00000006a0000000,0x00000006a45d21b8,0x00000006ad000000)
 Metaspace       used 69567K, capacity 73684K, committed 73816K, reserved 1112064K
  class space    used 9434K, capacity 10536K, committed 10624K, reserved 1048576K
}
Event: 18.052 GC heap before
{Heap before GC invocations=17 (full 3):
 PSYoungGen      total 282624K, used 282613K [0x0000000760000000, 0x0000000779200000, 0x00000007c0000000)
  eden space 247296K, 100% used [0x0000000760000000,0x000000076f180000,0x000000076f180000)
  from space 35328K, 99% used [0x000000076f180000,0x00000007713fd658,0x0000000771400000)
  to   space 44032K, 0% used [0x0000000776700000,0x0000000776700000,0x0000000779200000)
 ParOldGen       total 212992K, used 71499K [0x00000006a0000000, 0x00000006ad000000, 0x0000000760000000)
  object space 212992K, 33% used [0x00000006a0000000,0x00000006a45d2e90,0x00000006ad000000)
 Metaspace       used 70592K, capacity 74740K, committed 74968K, reserved 1114112K
  class space    used 9568K, capacity 10696K, committed 10752K, reserved 1048576K
Event: 18.087 GC heap after
Heap after GC invocations=17 (full 3):
 PSYoungGen      total 369664K, used 20385K [0x0000000760000000, 0x000000077a580000, 0x00000007c0000000)
  eden space 325632K, 0% used [0x0000000760000000,0x0000000760000000,0x0000000773e00000)
  from space 44032K, 46% used [0x0000000776700000,0x0000000777ae8528,0x0000000779200000)
  to   space 41984K, 0% used [0x0000000773e00000,0x0000000773e00000,0x0000000776700000)
 ParOldGen       total 212992K, used 95509K [0x00000006a0000000, 0x00000006ad000000, 0x0000000760000000)
  object space 212992K, 44% used [0x00000006a0000000,0x00000006a5d45658,0x00000006ad000000)
 Metaspace       used 70592K, capacity 74740K, committed 74968K, reserved 1114112K
  class space    used 9568K, capacity 10696K, committed 10752K, reserved 1048576K
}
Event: 19.931 GC heap before
{Heap before GC invocations=18 (full 3):
 PSYoungGen      total 369664K, used 346017K [0x0000000760000000, 0x000000077a580000, 0x00000007c0000000)
  eden space 325632K, 100% used [0x0000000760000000,0x0000000773e00000,0x0000000773e00000)
  from space 44032K, 46% used [0x0000000776700000,0x0000000777ae8528,0x0000000779200000)
  to   space 41984K, 0% used [0x0000000773e00000,0x0000000773e00000,0x0000000776700000)
 ParOldGen       total 212992K, used 95509K [0x00000006a0000000, 0x00000006ad000000, 0x0000000760000000)
  object space 212992K, 44% used [0x00000006a0000000,0x00000006a5d45658,0x00000006ad000000)
 Metaspace       used 72534K, capacity 76772K, committed 76888K, reserved 1116160K
  class space    used 9759K, capacity 10844K, committed 10880K, reserved 1048576K
Event: 19.943 GC heap after
Heap after GC invocations=18 (full 3):
 PSYoungGen      total 367616K, used 4636K [0x0000000760000000, 0x0000000780780000, 0x00000007c0000000)
  eden space 325632K, 0% used [0x0000000760000000,0x0000000760000000,0x0000000773e00000)
  from space 41984K, 11% used [0x0000000773e00000,0x0000000774287350,0x0000000776700000)
  to   space 42496K, 0% used [0x000000077de00000,0x000000077de00000,0x0000000780780000)
 ParOldGen       total 212992K, used 109176K [0x00000006a0000000, 0x00000006ad000000, 0x0000000760000000)
  object space 212992K, 51% used [0x00000006a0000000,0x00000006a6a9e2a8,0x00000006ad000000)
 Metaspace       used 72534K, capacity 76772K, committed 76888K, reserved 1116160K
  class space    used 9759K, capacity 10844K, committed 10880K, reserved 1048576K
}

